This is pdfTeXk, Version 3.141592-1.40.3 (Web2C 7.5.6) (format=pdflatex 2012.6.26)  8 MAY 2013 00:24
entering extended mode
 %&-line parsing enabled.
**main.tex
(./main.tex
LaTeX2e <2005/12/01>
Babel <v3.8h> and hyphenation patterns for english, usenglishmax, dumylang, noh
yphenation, croatian, ukrainian, russian, bulgarian, czech, slovak, danish, dut
ch, finnish, basque, french, german, ngerman, ibycus, greek, monogreek, ancient
greek, hungarian, italian, latin, mongolian, norsk, icelandic, interlingua, tur
kish, coptic, romanian, welsh, serbian, slovenian, estonian, esperanto, upperso
rbian, indonesian, polish, portuguese, spanish, catalan, galician, swedish, loa
ded.
(/usr/share/texmf-texlive/tex/latex/base/article.cls
Document Class: article 2005/09/16 v1.4f Standard LaTeX document class
(/usr/share/texmf-texlive/tex/latex/base/size10.clo
File: size10.clo 2005/09/16 v1.4f Standard LaTeX file (size option)
)
\c@part=\count79
\c@section=\count80
\c@subsection=\count81
\c@subsubsection=\count82
\c@paragraph=\count83
\c@subparagraph=\count84
\c@figure=\count85
\c@table=\count86
\abovecaptionskip=\skip41
\belowcaptionskip=\skip42
\bibindent=\dimen102
)
(/usr/share/texmf-texlive/tex/latex/tools/bm.sty
Package: bm 2004/02/26 v1.1c Bold Symbol Support (DPC/FMi)
\symboldoperators=\mathgroup4
\symboldletters=\mathgroup5
\symboldsymbols=\mathgroup6
LaTeX Font Info:    Redeclaring math alphabet \mathbf on input line 137.
LaTeX Info: Redefining \bm on input line 203.
)
(/usr/share/texmf-texlive/tex/latex/graphics/graphics.sty
Package: graphics 2006/02/20 v1.0o Standard LaTeX Graphics (DPC,SPQR)

(/usr/share/texmf-texlive/tex/latex/graphics/trig.sty
Package: trig 1999/03/16 v1.09 sin cos tan (DPC)
)
(/etc/texmf/tex/latex/config/graphics.cfg
File: graphics.cfg 2007/01/18 v1.5 graphics configuration of teTeX/TeXLive
)
Package graphics Info: Driver file: pdftex.def on input line 90.

(/usr/share/texmf-texlive/tex/latex/pdftex-def/pdftex.def
File: pdftex.def 2007/01/08 v0.04d Graphics/color for pdfTeX
\Gread@gobject=\count87
))
(/usr/share/texmf-texlive/tex/latex/amsmath/amsmath.sty
Package: amsmath 2000/07/18 v2.13 AMS math features
\@mathmargin=\skip43

For additional information on amsmath, use the `?' option.
(/usr/share/texmf-texlive/tex/latex/amsmath/amstext.sty
Package: amstext 2000/06/29 v2.01

(/usr/share/texmf-texlive/tex/latex/amsmath/amsgen.sty
File: amsgen.sty 1999/11/30 v2.0
\@emptytoks=\toks14
\ex@=\dimen103
))
(/usr/share/texmf-texlive/tex/latex/amsmath/amsbsy.sty
Package: amsbsy 1999/11/29 v1.2d
LaTeX Info: Redefining \boldsymbol on input line 54.
\pmbraise@=\dimen104
)
(/usr/share/texmf-texlive/tex/latex/amsmath/amsopn.sty
Package: amsopn 1999/12/14 v2.01 operator names
)
\inf@bad=\count88
LaTeX Info: Redefining \frac on input line 211.
\uproot@=\count89
\leftroot@=\count90
LaTeX Info: Redefining \overline on input line 307.
\classnum@=\count91
\DOTSCASE@=\count92
LaTeX Info: Redefining \ldots on input line 379.
LaTeX Info: Redefining \dots on input line 382.
LaTeX Info: Redefining \cdots on input line 467.
\Mathstrutbox@=\box26
\strutbox@=\box27
\big@size=\dimen105
LaTeX Font Info:    Redeclaring font encoding OML on input line 567.
LaTeX Font Info:    Redeclaring font encoding OMS on input line 568.
\macc@depth=\count93
\c@MaxMatrixCols=\count94
\dotsspace@=\muskip10
\c@parentequation=\count95
\dspbrk@lvl=\count96
\tag@help=\toks15
\row@=\count97
\column@=\count98
\maxfields@=\count99
\andhelp@=\toks16
\eqnshift@=\dimen106
\alignsep@=\dimen107
\tagshift@=\dimen108
\tagwidth@=\dimen109
\totwidth@=\dimen110
\lineht@=\dimen111
\@envbody=\toks17
\multlinegap=\skip44
\multlinetaggap=\skip45
\mathdisplay@stack=\toks18
LaTeX Info: Redefining \[ on input line 2666.
LaTeX Info: Redefining \] on input line 2667.
)
(/usr/share/texmf-texlive/tex/latex/graphics/graphicx.sty
Package: graphicx 1999/02/16 v1.0f Enhanced LaTeX Graphics (DPC,SPQR)

(/usr/share/texmf-texlive/tex/latex/graphics/keyval.sty
Package: keyval 1999/03/16 v1.13 key=value parser (DPC)
\KV@toks@=\toks19
)
\Gin@req@height=\dimen112
\Gin@req@width=\dimen113
)
(/usr/share/texmf-texlive/tex/latex/graphics/epsfig.sty
Package: epsfig 1999/02/16 v1.7a (e)psfig emulation (SPQR)
\epsfxsize=\dimen114
\epsfysize=\dimen115
)
(/usr/share/texmf-texlive/tex/latex/tools/longtable.sty
Package: longtable 2004/02/01 v4.11 Multi-page Table package (DPC)
\LTleft=\skip46
\LTright=\skip47
\LTpre=\skip48
\LTpost=\skip49
\LTchunksize=\count100
\LTcapwidth=\dimen116
\LT@head=\box28
\LT@firsthead=\box29
\LT@foot=\box30
\LT@lastfoot=\box31
\LT@cols=\count101
\LT@rows=\count102
\c@LT@tables=\count103
\c@LT@chunks=\count104
\LT@p@ftn=\toks20
)
(/usr/share/texmf-texlive/tex/latex/rotating/rotating.sty
Package: rotating 1997/09/26, v2.13 Rotation package

(/usr/share/texmf-texlive/tex/latex/base/ifthen.sty
Package: ifthen 2001/05/26 v1.1c Standard LaTeX ifthen package (DPC)
)
\c@r@tfl@t=\count105
\rot@float@box=\box32
)
(/usr/share/texmf-texlive/tex/latex/listings/listings.sty
\lst@mode=\count106
\lst@gtempboxa=\box33
\lst@token=\toks21
\lst@length=\count107
\lst@currlwidth=\dimen117
\lst@column=\count108
\lst@pos=\count109
\lst@lostspace=\dimen118
\lst@width=\dimen119
\lst@newlines=\count110
\lst@lineno=\count111
\c@lstlisting=\count112
\lst@maxwidth=\dimen120

(/usr/share/texmf-texlive/tex/latex/listings/lstpatch.sty
File: lstpatch.sty 2004/10/17 1.3b (Carsten Heinz)
)
(/usr/share/texmf-texlive/tex/latex/listings/lstmisc.sty
File: lstmisc.sty 2004/09/07 1.3 (Carsten Heinz)
\c@lstnumber=\count113
\lst@skipnumbers=\count114
\lst@framebox=\box34
)
(/usr/share/texmf-texlive/tex/latex/listings/listings.cfg
File: listings.cfg 2004/09/05 1.3 listings configuration
))
Package: listings 2004/10/17 1.3b (Carsten Heinz)

(/usr/share/texmf-texlive/tex/latex/graphics/color.sty
Package: color 2005/11/14 v1.0j Standard LaTeX Color (DPC)

(/etc/texmf/tex/latex/config/color.cfg
File: color.cfg 2007/01/18 v1.5 color configuration of teTeX/TeXLive
)
Package color Info: Driver file: pdftex.def on input line 130.
)
\GPT@outputbox=\box35

(/usr/share/texmf-texlive/tex/latex/pdfpages/pdfpages.sty
Package: pdfpages 2006/08/12 v0.4a Insert pages of external PDF documents (AM)

(/usr/share/texmf-texlive/tex/latex/tools/calc.sty
Package: calc 2005/08/06 v4.2 Infix arithmetic (KKT,FJ)
\calc@Acount=\count115
\calc@Bcount=\count116
\calc@Adimen=\dimen121
\calc@Bdimen=\dimen122
\calc@Askip=\skip50
\calc@Bskip=\skip51
LaTeX Info: Redefining \setlength on input line 75.
LaTeX Info: Redefining \addtolength on input line 76.
\calc@Ccount=\count117
\calc@Cskip=\skip52
)
(/usr/share/texmf-texlive/tex/latex/eso-pic/eso-pic.sty
Package: eso-pic 2006/07/14 v1.1d eso-pic (RN)

(/usr/share/texmf-texlive/tex/latex/everyshi/everyshi.sty
Package: everyshi 2001/05/15 v3.00 EveryShipout Package (MS)
))
(/usr/share/texmf-texlive/tex/latex/pdfpages/pppdftex.def
File: pppdftex.def 2006/08/12 v0.4a Pdfpages driver for pdfTeX (AM)
)
\AM@pagebox=\box36
\AM@toc@title=\toks22
\c@AM@survey=\count118
)
(/usr/share/texmf-texlive/tex/latex/hyperref/hyperref.sty
Package: hyperref 2007/02/07 v6.75r Hypertext links for LaTeX
\@linkdim=\dimen123
\Hy@linkcounter=\count119
\Hy@pagecounter=\count120

(/usr/share/texmf-texlive/tex/latex/hyperref/pd1enc.def
File: pd1enc.def 2007/02/07 v6.75r Hyperref: PDFDocEncoding definition (HO)
)
(/etc/texmf/tex/latex/config/hyperref.cfg
File: hyperref.cfg 2002/06/06 v1.2 hyperref configuration of TeXLive
)
(/usr/share/texmf-texlive/tex/latex/oberdiek/kvoptions.sty
Package: kvoptions 2006/08/22 v2.4 Connects package keyval with LaTeX options (
HO)
)
Package hyperref Info: Hyper figures OFF on input line 2288.
Package hyperref Info: Link nesting OFF on input line 2293.
Package hyperref Info: Hyper index ON on input line 2296.
Package hyperref Info: Plain pages OFF on input line 2303.
Package hyperref Info: Backreferencing OFF on input line 2308.

Implicit mode ON; LaTeX internals redefined
Package hyperref Info: Bookmarks ON on input line 2444.
(/usr/share/texmf-texlive/tex/latex/ltxmisc/url.sty
\Urlmuskip=\muskip11
Package: url 2005/06/27  ver 3.2  Verb mode for urls, etc.
)
LaTeX Info: Redefining \url on input line 2599.
\Fld@menulength=\count121
\Field@Width=\dimen124
\Fld@charsize=\dimen125
\Choice@toks=\toks23
\Field@toks=\toks24
Package hyperref Info: Hyper figures OFF on input line 3102.
Package hyperref Info: Link nesting OFF on input line 3107.
Package hyperref Info: Hyper index ON on input line 3110.
Package hyperref Info: backreferencing OFF on input line 3117.
Package hyperref Info: Link coloring OFF on input line 3122.
\Hy@abspage=\count122
\c@Item=\count123
\c@Hfootnote=\count124
)
*hyperref using default driver hpdftex*
(/usr/share/texmf-texlive/tex/latex/hyperref/hpdftex.def
File: hpdftex.def 2007/02/07 v6.75r Hyperref driver for pdfTeX
\Fld@listcount=\count125
) (./main.aux)
\openout1 = `main.aux'.

LaTeX Font Info:    Checking defaults for OML/cmm/m/it on input line 16.
LaTeX Font Info:    ... okay on input line 16.
LaTeX Font Info:    Checking defaults for T1/cmr/m/n on input line 16.
LaTeX Font Info:    ... okay on input line 16.
LaTeX Font Info:    Checking defaults for OT1/cmr/m/n on input line 16.
LaTeX Font Info:    ... okay on input line 16.
LaTeX Font Info:    Checking defaults for OMS/cmsy/m/n on input line 16.
LaTeX Font Info:    ... okay on input line 16.
LaTeX Font Info:    Checking defaults for OMX/cmex/m/n on input line 16.
LaTeX Font Info:    ... okay on input line 16.
LaTeX Font Info:    Checking defaults for U/cmr/m/n on input line 16.
LaTeX Font Info:    ... okay on input line 16.
LaTeX Font Info:    Checking defaults for PD1/pdf/m/n on input line 16.
LaTeX Font Info:    ... okay on input line 16.

ABD: EveryShipout initializing macros
Package hyperref Info: Link coloring OFF on input line 16.

(/usr/share/texmf-texlive/tex/latex/hyperref/nameref.sty
Package: nameref 2006/12/27 v2.28 Cross-referencing by name of section

(/usr/share/texmf-texlive/tex/latex/oberdiek/refcount.sty
Package: refcount 2006/02/20 v3.0 Data extraction from references (HO)
)
\c@section@level=\count126
)
LaTeX Info: Redefining \ref on input line 16.
LaTeX Info: Redefining \pageref on input line 16.
 (./main.out)
(./main.out)
\@outlinefile=\write3
\openout3 = `main.out'.

 <sogS.pdf, id=9, page=1, 597.23125pt x 845.1575pt>
File: sogS.pdf Graphic file (type pdf)

<use sogS.pdf, page 1>
File: sogS.pdf Graphic file (type pdf)
 <use sogS.pdf, page 1>
File: sogS.pdf Graphic file (type pdf)
 <use sogS.pdf, page 1>
File: sogS.pdf Graphic file (type pdf)

<use sogS.pdf, page 1>
File: sogS.pdf Graphic file (type pdf)
 <use sogS.pdf, page 1> [1

 <./sogS.pdf>]
<sogS.pdf, id=19, page=2, 597.23125pt x 845.1575pt>
File: sogS.pdf Graphic file (type pdf)
 <use sogS.pdf, page 2>
File: sogS.pdf Graphic file (type pdf)

<use sogS.pdf, page 2>
File: sogS.pdf Graphic file (type pdf)
 <use sogS.pdf, page 2> [2 <./sogS.pdf>]
<sogS.pdf, id=25, page=3, 597.23125pt x 845.1575pt>
File: sogS.pdf Graphic file (type pdf)
 <use sogS.pdf, page 3>
File: sogS.pdf Graphic file (type pdf)

<use sogS.pdf, page 3>
File: sogS.pdf Graphic file (type pdf)
 <use sogS.pdf, page 3> [3 <./sogS.pdf>]
<sogS.pdf, id=31, page=4, 597.23125pt x 845.1575pt>
File: sogS.pdf Graphic file (type pdf)
 <use sogS.pdf, page 4>
File: sogS.pdf Graphic file (type pdf)

<use sogS.pdf, page 4>
File: sogS.pdf Graphic file (type pdf)
 <use sogS.pdf, page 4> [4 <./sogS.pdf>]
<sogS.pdf, id=37, page=5, 597.23125pt x 845.1575pt>
File: sogS.pdf Graphic file (type pdf)
 <use sogS.pdf, page 5>
File: sogS.pdf Graphic file (type pdf)

<use sogS.pdf, page 5>
File: sogS.pdf Graphic file (type pdf)
 <use sogS.pdf, page 5> [5 <./sogS.pdf>]
<sogS.pdf, id=43, page=6, 597.23125pt x 845.1575pt>
File: sogS.pdf Graphic file (type pdf)
 <use sogS.pdf, page 6>
File: sogS.pdf Graphic file (type pdf)

<use sogS.pdf, page 6>
File: sogS.pdf Graphic file (type pdf)
 <use sogS.pdf, page 6> [6 <./sogS.pdf>]
<soggenes.pdf, id=51, page=1, 597.23125pt x 845.1575pt>
File: soggenes.pdf Graphic file (type pdf)

<use soggenes.pdf, page 1>
File: soggenes.pdf Graphic file (type pdf)
 <use soggenes.pdf, page 1>
File: soggenes.pdf Graphic file (type pdf)

<use soggenes.pdf, page 1>
File: soggenes.pdf Graphic file (type pdf)
 <use soggenes.pdf, page 1>
File: soggenes.pdf Graphic file (type pdf)

<use soggenes.pdf, page 1> [7 <./soggenes.pdf>]
<soggenes.pdf, id=61, page=2, 597.23125pt x 845.1575pt>
File: soggenes.pdf Graphic file (type pdf)

<use soggenes.pdf, page 2>
File: soggenes.pdf Graphic file (type pdf)
 <use soggenes.pdf, page 2>
File: soggenes.pdf Graphic file (type pdf)

<use soggenes.pdf, page 2> [8 <./soggenes.pdf>]
<soggenes.pdf, id=67, page=3, 597.23125pt x 845.1575pt>
File: soggenes.pdf Graphic file (type pdf)

<use soggenes.pdf, page 3>
File: soggenes.pdf Graphic file (type pdf)
 <use soggenes.pdf, page 3>
File: soggenes.pdf Graphic file (type pdf)

<use soggenes.pdf, page 3> [9 <./soggenes.pdf>] (./main.aux) ) 
Here is how much of TeX's memory you used:
 5145 strings out of 94101
 71884 string characters out of 1165810
 135206 words of memory out of 1500000
 8373 multiletter control sequences out of 10000+50000
 3640 words of font info for 14 fonts, out of 1200000 for 2000
 637 hyphenation exceptions out of 8191
 32i,16n,37p,221b,459s stack positions out of 5000i,500n,6000p,200000b,5000s

Output written on main.pdf (9 pages, 67506 bytes).
PDF statistics:
 79 PDF objects out of 1000 (max. 8388607)
 10 named destinations out of 1000 (max. 131072)
 82 words of extra memory for PDF output out of 10000 (max. 10000000)

